[debug] [2019-04-11T05:57:48.090Z] ----------------------------------------------------------------------
[debug] [2019-04-11T05:57:48.097Z] Command:       C:\Program Files\nodejs\node.exe C:\Users\Yun Sang wook\AppData\Roaming\npm\node_modules\firebase-tools\lib\bin\firebase.js init
[debug] [2019-04-11T05:57:48.097Z] CLI Version:   6.5.3
[debug] [2019-04-11T05:57:48.097Z] Platform:      win32
[debug] [2019-04-11T05:57:48.097Z] Node Version:  v10.15.3
[debug] [2019-04-11T05:57:48.102Z] Time:          Wed Apr 10 2019 22:57:48 GMT-0700 (Pacific Daylight Time)
[debug] [2019-04-11T05:57:48.102Z] ----------------------------------------------------------------------
[debug] 
[debug] [2019-04-11T05:57:48.138Z] > command requires scopes: ["email","openid","https://www.googleapis.com/auth/cloudplatformprojects.readonly","https://www.googleapis.com/auth/firebase","https://www.googleapis.com/auth/cloud-platform"]
[debug] [2019-04-11T05:57:48.140Z] > authorizing via signed-in user
[info] 
     ######## #### ########  ######## ########     ###     ######  ########
     ##        ##  ##     ## ##       ##     ##  ##   ##  ##       ##
     ######    ##  ########  ######   ########  #########  ######  ######
     ##        ##  ##    ##  ##       ##     ## ##     ##       ## ##
     ##       #### ##     ## ######## ########  ##     ##  ######  ########

You're about to initialize a Firebase project in this directory:

  C:\Users\Yun Sang wook\Folium

[info] 
=== Project Setup
[info] 
[info] First, let's associate this project directory with a Firebase project.
[info] You can create multiple project aliases by running firebase use --add, 
[info] but for now we'll just set up a default project.
[info] 
[debug] [2019-04-11T05:58:10.240Z] > refreshing access token with scopes: ["email","https://www.googleapis.com/auth/cloud-platform","https://www.googleapis.com/auth/cloudplatformprojects.readonly","https://www.googleapis.com/auth/firebase","openid"]
[debug] [2019-04-11T05:58:10.240Z] >>> HTTP REQUEST POST https://www.googleapis.com/oauth2/v3/token  
 <request body omitted>
[debug] [2019-04-11T05:58:10.492Z] <<< HTTP RESPONSE 200
[debug] [2019-04-11T05:58:10.511Z] >>> HTTP REQUEST GET https://firebase.googleapis.com/v1beta1/projects?page_size=100  
 
[debug] [2019-04-11T05:58:11.019Z] <<< HTTP RESPONSE 200
